<?xml version="1.0" encoding="UTF-8"?>
<testsuite xmlns:xsi="http://www.w3.org/2001/XMLSchema-instance" xsi:noNamespaceSchemaLocation="https://maven.apache.org/surefire/maven-surefire-plugin/xsd/surefire-test-report-3.0.xsd" version="3.0" name="modelTest.MonedaTest" time="0.137" tests="6" errors="0" skipped="0" failures="1">
  <properties>
[...]
</properties>
  <testcase name="testPesosConversion" classname="modelTest.MonedaTest" time="0.055"/>
  <testcase name="testEuroConversion" classname="modelTest.MonedaTest" time="0.026">
    <failure message="expected: &lt;101400.0&gt; but was: &lt;102400.0&gt;" type="org.opentest4j.AssertionFailedError"><![CDATA[org.opentest4j.AssertionFailedError: expected: <101400.0> but was: <102400.0>
	at org.junit.jupiter.api.AssertionFailureBuilder.build(AssertionFailureBuilder.java:158)
	at org.junit.jupiter.api.AssertionFailureBuilder.buildAndThrow(AssertionFailureBuilder.java:139)
	at org.junit.jupiter.api.AssertEquals.failNotEqual(AssertEquals.java:201)
	at org.junit.jupiter.api.AssertEquals.assertEquals(AssertEquals.java:184)
	at org.junit.jupiter.api.AssertEquals.assertEquals(AssertEquals.java:179)
	at org.junit.jupiter.api.Assertions.assertEquals(Assertions.java:933)
	at modelTest.MonedaTest.testEuroConversion(MonedaTest.java:37)
]]></failure>
  </testcase>
  <testcase name="testDolarConversion" classname="modelTest.MonedaTest" time="0.004"/>
  <testcase name="testDolarInstanciacion" classname="modelTest.MonedaTest" time="0.002"/>
  <testcase name="testPesosInstanciacion" classname="modelTest.MonedaTest" time="0.002"/>
  <testcase name="testEuroInstanciacion" classname="modelTest.MonedaTest" time="0.002"/>
</testsuite>